\BOOKMARK [0][-]{chapter*.1}{Abstract}{}
\BOOKMARK [0][-]{chapter.1}{Introduction}{}
\BOOKMARK [1][-]{section.1.1}{Feedback Information RoadMaps}{chapter.1}
\BOOKMARK [1][-]{section.1.2}{Open Motion Planning Library}{chapter.1}
\BOOKMARK [1][-]{section.1.3}{Aim}{chapter.1}
\BOOKMARK [1][-]{section.1.4}{Planned Tasks}{chapter.1}
\BOOKMARK [2][-]{subsection.1.4.1}{Stage 1}{section.1.4}
\BOOKMARK [2][-]{subsection.1.4.2}{Stage 2}{section.1.4}
\BOOKMARK [0][-]{chapter.2}{Issues \046 Notes}{}
\BOOKMARK [1][-]{section.2.1}{Notes}{chapter.2}
\BOOKMARK [2][-]{subsection.2.1.1}{How the OMPL PRM planner works}{section.2.1}
\BOOKMARK [2][-]{subsection.2.1.2}{Sampling a valid belief}{section.2.1}
\BOOKMARK [2][-]{subsection.2.1.3}{State Validity Checking}{section.2.1}
\BOOKMARK [2][-]{subsection.2.1.4}{SpaceInformation Class}{section.2.1}
\BOOKMARK [2][-]{subsection.2.1.5}{The OMPL MotionValidator class}{section.2.1}
\BOOKMARK [2][-]{subsection.2.1.6}{Using the Control Space}{section.2.1}
\BOOKMARK [2][-]{subsection.2.1.7}{Modifications required to OMPL PRM}{section.2.1}
\BOOKMARK [2][-]{subsection.2.1.8}{Find the solution path}{section.2.1}
\BOOKMARK [1][-]{section.2.2}{Issues}{chapter.2}
\BOOKMARK [0][-]{chapter.3}{Project Status}{}
\BOOKMARK [1][-]{section.3.1}{Progress}{chapter.3}
\BOOKMARK [2][-]{subsection.3.1.1}{Completed Tasks}{section.3.1}
