This is pdfTeX, Version 3.1415926-1.40.10 (TeX Live 2009/Debian) (format=pdflatex 2013.2.22)  14 AUG 2013 13:56
entering extended mode
 %&-line parsing enabled.
**uq_thesis.cls
(./uq_thesis.cls
LaTeX2e <2009/09/24>
Babel <v3.8l> and hyphenation patterns for english, usenglishmax, dumylang, noh
yphenation, loaded.

! LaTeX Error: Missing \begin{document}.

See the LaTeX manual or LaTeX Companion for explanation.
Type  H <return>  for immediate help.
 ...                                              
                                                  
l.118 \newif\if@
                appmatter \@appmatterfalse
You're in trouble here.  Try typing  <return>  to proceed.
If that doesn't work, type  X <return>  to quit.

Missing character: There is no @ in font nullfont!
Missing character: There is no a in font nullfont!
Missing character: There is no p in font nullfont!
Missing character: There is no p in font nullfont!
Missing character: There is no m in font nullfont!
Missing character: There is no a in font nullfont!
Missing character: There is no t in font nullfont!
Missing character: There is no t in font nullfont!
Missing character: There is no e in font nullfont!
Missing character: There is no r in font nullfont!
Missing character: There is no a in font nullfont!
Missing character: There is no p in font nullfont!
Missing character: There is no p in font nullfont!
Missing character: There is no m in font nullfont!
Missing character: There is no a in font nullfont!
Missing character: There is no t in font nullfont!
Missing character: There is no t in font nullfont!
Missing character: There is no e in font nullfont!
Missing character: There is no r in font nullfont!
Missing character: There is no f in font nullfont!
Missing character: There is no a in font nullfont!
Missing character: There is no l in font nullfont!
Missing character: There is no s in font nullfont!
Missing character: There is no e in font nullfont!

Overfull \hbox (20.0pt too wide) in paragraph at lines 118--119
[]
 []


LaTeX Warning: You have requested package `',
               but the package provides `./styles/uq_thesis'.

Package: ./styles/uq_thesis 1998/02/06 Uq Thesis class

! LaTeX Error: File `./styles/report_1.cls' not found.

Type X to quit or <RETURN> to proceed,
or enter new name. (Default extension: cls)

Enter file name: 
! Emergency stop.
<read *> 
         
l.168   \RequirePackage
                       {setspace}		%% Load package for double-spacing^^M
*** (cannot \read from terminal in nonstop modes)

 
Here is how much of TeX's memory you used:
 33 strings out of 495061
 456 string characters out of 1182621
 45108 words of memory out of 3000000
 3305 multiletter control sequences out of 15000+50000
 4958 words of font info for 16 fonts, out of 3000000 for 9000
 28 hyphenation exceptions out of 8191
 10i,0n,12p,106b,14s stack positions out of 5000i,500n,10000p,200000b,50000s
!  ==> Fatal error occurred, no output PDF file produced!
